2025-07-26 16:55:29 DEBUG TestNG:82 - suiteXmlPath: "C:\Users\USER\My-Eclipse\My-Eclipse\OpencartV125\CrossBrowserTesting.xml"
2025-07-26 16:55:30 INFO  Utils:112 - [TestNG] Running:
  C:\Users\USER\My-Eclipse\My-Eclipse\OpencartV125\CrossBrowserTesting.xml

2025-07-26 16:55:37 INFO  TC_001_AccountRegistrationTest:15 - ***** Starting TC_001_AccountRegistrationTest *****
2025-07-26 16:55:37 INFO  TC_001_AccountRegistrationTest:15 - ***** Starting TC_001_AccountRegistrationTest *****
2025-07-26 16:55:37 INFO  TC_001_AccountRegistrationTest:21 - ***** Clicking on my Account Link *****
2025-07-26 16:55:37 INFO  TC_001_AccountRegistrationTest:21 - ***** Clicking on my Account Link *****
2025-07-26 16:55:43 INFO  TC_001_AccountRegistrationTest:15 - ***** Starting TC_001_AccountRegistrationTest *****
2025-07-26 16:55:45 INFO  TC_002_LoginTest:16 - **** Starting TC_002_LoginTest  ****
2025-07-26 16:55:45 DEBUG TC_002_LoginTest:17 - capturing application debug logs....
2025-07-26 16:55:45 INFO  TC_002_LoginTest:16 - **** Starting TC_002_LoginTest  ****
2025-07-26 16:55:45 DEBUG TC_002_LoginTest:17 - capturing application debug logs....
2025-07-26 16:55:45 INFO  TC_001_AccountRegistrationTest:21 - ***** Clicking on my Account Link *****
2025-07-26 16:55:45 INFO  TC_002_LoginTest:23 - clicked on myaccount link on the home page..
2025-07-26 16:55:45 INFO  TC_002_LoginTest:23 - clicked on myaccount link on the home page..
2025-07-26 16:55:46 INFO  TC_001_AccountRegistrationTest:24 - ***** Clicking on the Register Link *****
2025-07-26 16:55:46 INFO  TC_001_AccountRegistrationTest:28 - ***** Providing Customers details *****
2025-07-26 16:55:47 INFO  TC_002_LoginTest:25 - clicked on login link under myaccount..
2025-07-26 16:55:47 INFO  TC_002_LoginTest:29 - Entering valid email and password..
2025-07-26 16:56:05 INFO  TC_004_SearchProductTest:14 -  Starting TC_004_SearchProductTest 
2025-07-26 16:56:05 INFO  TC_004_SearchProductTest:14 -  Starting TC_004_SearchProductTest 
2025-07-26 16:56:26 INFO  TC_005_AddToCartPageTest:15 -  Starting TC_005_AddToCartPageTest 
2025-07-26 16:56:26 INFO  TC_005_AddToCartPageTest:15 -  Starting TC_005_AddToCartPageTest 
2025-07-26 16:56:26 INFO  TC_004_SearchProductTest:14 -  Starting TC_004_SearchProductTest 
2025-07-26 16:56:55 INFO  TC_005_AddToCartPageTest:15 -  Starting TC_005_AddToCartPageTest 
